<?xml version="1.0" encoding="UTF-8"?>
<!-- Generated by org.testng.reporters.JUnitXMLReporter -->
<testsuite hostname="P5-GKX3T72" ignored="0" name="myTest1" tests="4" failures="0" timestamp="04 Apr 2018 06:58:57 GMT" time="33.493" errors="0">
  <testcase name="method1" time="15.175" classname="DemoProjectWorkspace.DemoProject.TestClass"/>
  <testcase name="method1" time="19.473" classname="DemoProjectWorkspace.DemoProject.TestClass2"/>
  <testcase name="method2" time="9.388" classname="DemoProjectWorkspace.DemoProject.TestClass2"/>
  <testcase name="method2" time="14.06" classname="DemoProjectWorkspace.DemoProject.TestClass"/>
</testsuite> <!-- myTest1 -->
